[ 2016-07-15T14:30:24+08:00 ] 127.0.0.1 /thinkphp/index.php/Edit/title.html
INFO: [ app_init ] --START--
INFO: Run Behavior\BuildLiteBehavior [ RunTime:0.000000s ]
INFO: [ app_init ] --END-- [ RunTime:0.002000s ]
ERR: 无法加载模块:Edit

[ 2016-07-15T14:30:34+08:00 ] 127.0.0.1 /thinkphp/index.php/Edit/title.html
INFO: [ app_init ] --START--
INFO: Run Behavior\BuildLiteBehavior [ RunTime:0.001000s ]
INFO: [ app_init ] --END-- [ RunTime:0.001000s ]
ERR: 无法加载模块:Edit

[ 2016-07-15T22:36:13+08:00 ] 127.0.0.1 /thinkphp/index.php/thinkphp/index.php/Home/Index/articleShowList.html.html
INFO: [ app_init ] --START--
INFO: Run Behavior\BuildLiteBehavior [ RunTime:0.001000s ]
INFO: [ app_init ] --END-- [ RunTime:0.001000s ]
ERR: 无法加载模块:Thinkphp

[ 2016-07-15T22:36:58+08:00 ] 127.0.0.1 /thinkphp/index.php/thinkphp/index.php/Home/Index/articleShowList.html.html
INFO: [ app_init ] --START--
INFO: Run Behavior\BuildLiteBehavior [ RunTime:0.000000s ]
INFO: [ app_init ] --END-- [ RunTime:0.002000s ]
ERR: 无法加载模块:Thinkphp

[ 2016-07-15T22:37:28+08:00 ] 127.0.0.1 /thinkphp/index.php/thinkphp/index.php/Home/Index/articleShowList.html.html
INFO: [ app_init ] --START--
INFO: Run Behavior\BuildLiteBehavior [ RunTime:0.000000s ]
INFO: [ app_init ] --END-- [ RunTime:0.002000s ]
ERR: 无法加载模块:Thinkphp

[ 2016-07-15T22:37:33+08:00 ] 127.0.0.1 /thinkphp/index.php/thinkphp/index.php/Home/Index/articleShowList.html.html
INFO: [ app_init ] --START--
INFO: Run Behavior\BuildLiteBehavior [ RunTime:0.001000s ]
INFO: [ app_init ] --END-- [ RunTime:0.002000s ]
ERR: 无法加载模块:Thinkphp

