[ 2016-07-12T17:27:57+08:00 ] ::1 /thinkphp/index.php/admin/index
INFO: [ app_init ] --START--
INFO: Run Behavior\BuildLiteBehavior [ RunTime:0.000000s ]
INFO: [ app_init ] --END-- [ RunTime:0.002001s ]
ERR: 无法加载模块:Admin

[ 2016-07-12T18:21:08+08:00 ] 127.0.0.1 /thinkphp/index.php/thinkphp/index.php/home/admin.html.html
INFO: [ app_init ] --START--
INFO: Run Behavior\BuildLiteBehavior [ RunTime:0.000000s ]
INFO: [ app_init ] --END-- [ RunTime:0.002000s ]
ERR: 无法加载模块:Thinkphp

[ 2016-07-12T18:21:20+08:00 ] 127.0.0.1 /thinkphp/index.php/thinkphp/index.php/home/admin.html.html
INFO: [ app_init ] --START--
INFO: Run Behavior\BuildLiteBehavior [ RunTime:0.000000s ]
INFO: [ app_init ] --END-- [ RunTime:0.001000s ]
ERR: 无法加载模块:Thinkphp

[ 2016-07-12T18:21:22+08:00 ] 127.0.0.1 /thinkphp/index.php/thinkphp/index.php/home/admin.html.html
INFO: [ app_init ] --START--
INFO: Run Behavior\BuildLiteBehavior [ RunTime:0.000000s ]
INFO: [ app_init ] --END-- [ RunTime:0.002000s ]
ERR: 无法加载模块:Thinkphp

[ 2016-07-12T18:21:29+08:00 ] 127.0.0.1 /thinkphp/index.php/thinkphp/index.php/home/admin.html.html
INFO: [ app_init ] --START--
INFO: Run Behavior\BuildLiteBehavior [ RunTime:0.000000s ]
INFO: [ app_init ] --END-- [ RunTime:0.001000s ]
ERR: 无法加载模块:Thinkphp

[ 2016-07-12T18:21:32+08:00 ] 127.0.0.1 /thinkphp/index.php/thinkphp/index.php/home/admin.html.html
INFO: [ app_init ] --START--
INFO: Run Behavior\BuildLiteBehavior [ RunTime:0.000000s ]
INFO: [ app_init ] --END-- [ RunTime:0.002000s ]
ERR: 无法加载模块:Thinkphp

[ 2016-07-12T18:22:09+08:00 ] 127.0.0.1 /thinkphp/index.php/thinkphp/index.php/home/admin.html.html
INFO: [ app_init ] --START--
INFO: Run Behavior\BuildLiteBehavior [ RunTime:0.000000s ]
INFO: [ app_init ] --END-- [ RunTime:0.002000s ]
ERR: 无法加载模块:Thinkphp

[ 2016-07-12T18:22:41+08:00 ] 127.0.0.1 /thinkphp/index.php/thinkphp/index.php/home/admin.html.html
INFO: [ app_init ] --START--
INFO: Run Behavior\BuildLiteBehavior [ RunTime:0.000000s ]
INFO: [ app_init ] --END-- [ RunTime:0.001000s ]
ERR: 无法加载模块:Thinkphp

[ 2016-07-12T18:22:51+08:00 ] 127.0.0.1 /thinkphp/index.php/thinkphp/index.php/home/admin.html.html
INFO: [ app_init ] --START--
INFO: Run Behavior\BuildLiteBehavior [ RunTime:0.001000s ]
INFO: [ app_init ] --END-- [ RunTime:0.001000s ]
ERR: 无法加载模块:Thinkphp

[ 2016-07-12T18:22:56+08:00 ] 127.0.0.1 /thinkphp/index.php/thinkphp/index.php/home/admin.html.html
INFO: [ app_init ] --START--
INFO: Run Behavior\BuildLiteBehavior [ RunTime:0.001000s ]
INFO: [ app_init ] --END-- [ RunTime:0.001000s ]
ERR: 无法加载模块:Thinkphp

[ 2016-07-12T18:24:06+08:00 ] 127.0.0.1 /thinkphp/index.php/thinkphp/index.php/home/admin.html.html
INFO: [ app_init ] --START--
INFO: Run Behavior\BuildLiteBehavior [ RunTime:0.000000s ]
INFO: [ app_init ] --END-- [ RunTime:0.001000s ]
ERR: 无法加载模块:Thinkphp

[ 2016-07-12T18:24:58+08:00 ] 127.0.0.1 /thinkphp/index.php/thinkphp/index.php/home/admin.html.html
INFO: [ app_init ] --START--
INFO: Run Behavior\BuildLiteBehavior [ RunTime:0.001000s ]
INFO: [ app_init ] --END-- [ RunTime:0.002000s ]
ERR: 无法加载模块:Thinkphp

[ 2016-07-12T18:25:05+08:00 ] 127.0.0.1 /thinkphp/index.php/thinkphp/index.php/Home/Admin/admin.html.html
INFO: [ app_init ] --START--
INFO: Run Behavior\BuildLiteBehavior [ RunTime:0.000000s ]
INFO: [ app_init ] --END-- [ RunTime:0.001000s ]
ERR: 无法加载模块:Thinkphp

[ 2016-07-12T18:25:49+08:00 ] 127.0.0.1 /thinkphp/index.php/thinkphp/index.php/Home/Admin/admin.html.html
INFO: [ app_init ] --START--
INFO: Run Behavior\BuildLiteBehavior [ RunTime:0.000000s ]
INFO: [ app_init ] --END-- [ RunTime:0.002001s ]
ERR: 无法加载模块:Thinkphp

[ 2016-07-12T18:25:56+08:00 ] 127.0.0.1 /thinkphp/index.php/thinkphp/index.php/Home/Admin/admin.html.html
INFO: [ app_init ] --START--
INFO: Run Behavior\BuildLiteBehavior [ RunTime:0.000000s ]
INFO: [ app_init ] --END-- [ RunTime:0.001000s ]
ERR: 无法加载模块:Thinkphp

[ 2016-07-12T18:26:04+08:00 ] 127.0.0.1 /thinkphp/index.php/thinkphp/index.php/admin.html.html
INFO: [ app_init ] --START--
INFO: Run Behavior\BuildLiteBehavior [ RunTime:0.000000s ]
INFO: [ app_init ] --END-- [ RunTime:0.001000s ]
ERR: 无法加载模块:Thinkphp

[ 2016-07-12T18:26:23+08:00 ] 127.0.0.1 /thinkphp/index.php/thinkphp/index.php/home/admin.html.html
INFO: [ app_init ] --START--
INFO: Run Behavior\BuildLiteBehavior [ RunTime:0.000000s ]
INFO: [ app_init ] --END-- [ RunTime:0.002000s ]
ERR: 无法加载模块:Thinkphp

[ 2016-07-12T18:26:30+08:00 ] 127.0.0.1 /thinkphp/index.php/thinkphp/index.php/home/admin.html
INFO: [ app_init ] --START--
INFO: Run Behavior\BuildLiteBehavior [ RunTime:0.000000s ]
INFO: [ app_init ] --END-- [ RunTime:0.002000s ]
ERR: 无法加载模块:Thinkphp

[ 2016-07-12T18:26:42+08:00 ] 127.0.0.1 /thinkphp/index.php/thinkphp/index.php/home/admin
INFO: [ app_init ] --START--
INFO: Run Behavior\BuildLiteBehavior [ RunTime:0.000000s ]
INFO: [ app_init ] --END-- [ RunTime:0.002000s ]
ERR: 无法加载模块:Thinkphp

[ 2016-07-12T18:26:49+08:00 ] 127.0.0.1 /thinkphp/index.php/thinkphp/index.php/home/index
INFO: [ app_init ] --START--
INFO: Run Behavior\BuildLiteBehavior [ RunTime:0.000000s ]
INFO: [ app_init ] --END-- [ RunTime:0.002001s ]
ERR: 无法加载模块:Thinkphp

[ 2016-07-12T18:27:06+08:00 ] 127.0.0.1 /thinkphp/index.php/thinkphp/index.php/Home/Admin/admin.html.html
INFO: [ app_init ] --START--
INFO: Run Behavior\BuildLiteBehavior [ RunTime:0.000000s ]
INFO: [ app_init ] --END-- [ RunTime:0.002000s ]
ERR: 无法加载模块:Thinkphp

